Log file open, 06/15/19 12:12:00
LogWindows: Failed to load 'aqProf.dll' (GetLastError=126)
LogWindows: File 'aqProf.dll' does not exist
LogWindows: Failed to load 'VtuneApi.dll' (GetLastError=126)
LogWindows: File 'VtuneApi.dll' does not exist
LogWindows: Failed to load 'VtuneApi32e.dll' (GetLastError=126)
LogWindows: File 'VtuneApi32e.dll' does not exist
LogConsoleResponse: Display: Failed to find resolution value strings in scalability ini. Falling back to default.
LogInit: Display: Running engine for game: ElvenGames
LogPakFile: Registered encryption key '00000000000000000000000000000000': 0 pak files mounted, 0 remain pending
LogPlatformFile: Not using cached read wrapper
LogTaskGraph: Started task graph with 5 named threads and 23 total threads with 3 sets of task threads.
LogStats: Stats thread started at 0.281451
LogD3D11RHI: Loaded GFSDK_Aftermath_Lib.x64.dll
LogICUInternationalization: ICU TimeZone Detection - Raw Offset: +1:00, Platform Override: ''
LogPluginManager: Mounting plugin Paper2D
LogPluginManager: Mounting plugin AISupport
LogPluginManager: Mounting plugin LightPropagationVolume
LogPluginManager: Mounting plugin ActorLayerUtilities
LogPluginManager: Mounting plugin AnimationSharing
LogPluginManager: Mounting plugin CLionSourceCodeAccess
LogPluginManager: Mounting plugin CodeLiteSourceCodeAccess
LogPluginManager: Mounting plugin GitSourceControl
LogPluginManager: Mounting plugin KDevelopSourceCodeAccess
LogPluginManager: Mounting plugin NullSourceCodeAccess
LogPluginManager: Mounting plugin PerforceSourceControl
LogPluginManager: Mounting plugin SubversionSourceControl
LogPluginManager: Mounting plugin UObjectPlugin
LogPluginManager: Mounting plugin VisualStudioCodeSourceCodeAccess
LogPluginManager: Mounting plugin VisualStudioSourceCodeAccess
LogPluginManager: Mounting plugin XCodeSourceCodeAccess
LogPluginManager: Mounting plugin AssetManagerEditor
LogPluginManager: Mounting plugin CryptoKeys
LogPluginManager: Mounting plugin DataValidation
LogPluginManager: Mounting plugin FacialAnimation
LogPluginManager: Mounting plugin GameplayTagsEditor
LogPluginManager: Mounting plugin MacGraphicsSwitching
LogPluginManager: Mounting plugin MaterialAnalyzer
LogPluginManager: Mounting plugin MobileLauncherProfileWizard
LogPluginManager: Mounting plugin PluginBrowser
LogPluginManager: Mounting plugin SpeedTreeImporter
LogPluginManager: Mounting plugin DatasmithContent
LogPluginManager: Mounting plugin VariantManagerContent
LogPluginManager: Mounting plugin AlembicImporter
LogPluginManager: Mounting plugin AppleImageUtils
LogPluginManager: Mounting plugin AppleVision
LogPluginManager: Mounting plugin BackChannel
LogPluginManager: Mounting plugin CharacterAI
LogPluginManager: Mounting plugin GeometryCache
LogPluginManager: Mounting plugin HTML5Networking
LogPluginManager: Mounting plugin ProxyLODPlugin
LogPluginManager: Mounting plugin SkeletalReduction
LogPluginManager: Mounting plugin MagicLeap
LogPluginManager: Mounting plugin MagicLeapMedia
LogPluginManager: Mounting plugin AndroidMedia
LogPluginManager: Mounting plugin AvfMedia
LogPluginManager: Mounting plugin ImgMedia
LogPluginManager: Mounting plugin LinearTimecode
LogPluginManager: Mounting plugin MediaCompositing
LogPluginManager: Mounting plugin MediaPlayerEditor
LogPluginManager: Mounting plugin WebMMedia
LogPluginManager: Mounting plugin WmfMedia
LogPluginManager: Mounting plugin TcpMessaging
LogPluginManager: Mounting plugin UdpMessaging
LogPluginManager: Mounting plugin ActorSequence
LogPluginManager: Mounting plugin LevelSequenceEditor
LogPluginManager: Mounting plugin MatineeToLevelSequence
LogPluginManager: Mounting plugin NetcodeUnitTest
LogPluginManager: Mounting plugin NUTUnrealEngine4
LogPluginManager: Mounting plugin OnlineSubsystemGooglePlay
LogPluginManager: Mounting plugin OnlineSubsystemIOS
LogPluginManager: Mounting plugin OnlineSubsystem
LogPluginManager: Mounting plugin OnlineSubsystemNull
LogPluginManager: Mounting plugin OnlineSubsystemUtils
LogPluginManager: Mounting plugin LauncherChunkInstaller
LogPluginManager: Mounting plugin AndroidDeviceProfileSelector
LogPluginManager: Mounting plugin AndroidMoviePlayer
LogPluginManager: Mounting plugin AndroidPermission
LogPluginManager: Mounting plugin AppleMoviePlayer
LogPluginManager: Mounting plugin ArchVisCharacter
LogPluginManager: Mounting plugin AudioCapture
LogPluginManager: Mounting plugin CableComponent
LogPluginManager: Mounting plugin CustomMeshComponent
LogPluginManager: Mounting plugin EditableMesh
LogPluginManager: Mounting plugin ExampleDeviceProfileSelector
LogPluginManager: Mounting plugin Firebase
LogPluginManager: Mounting plugin GoogleCloudMessaging
LogPluginManager: Mounting plugin IOSDeviceProfileSelector
LogPluginManager: Mounting plugin LinuxDeviceProfileSelector
LogPluginManager: Mounting plugin LocationServicesBPLibrary
LogPluginManager: Mounting plugin MobilePatchingUtils
LogPluginManager: Mounting plugin OculusVR
LogPluginManager: Mounting plugin PhysXVehicles
LogPluginManager: Mounting plugin ProceduralMeshComponent
LogPluginManager: Mounting plugin RuntimePhysXCooking
LogPluginManager: Mounting plugin SignificanceManager
LogPluginManager: Mounting plugin SteamVR
LogPluginManager: Mounting plugin WebMMoviePlayer
LogPluginManager: Mounting plugin WindowsMoviePlayer
LogInit: Using libcurl 7.55.1-DEV
LogInit:  - built for x86_64-pc-win32
LogInit:  - supports SSL with OpenSSL/1.1.1
LogInit:  - supports HTTP deflate (compression) using libz 1.2.8
LogInit:  - other features:
LogInit:      CURL_VERSION_SSL
LogInit:      CURL_VERSION_LIBZ
LogInit:      CURL_VERSION_IPV6
LogInit:      CURL_VERSION_ASYNCHDNS
LogInit:      CURL_VERSION_LARGEFILE
LogInit:      CURL_VERSION_IDN
LogInit:  CurlRequestOptions (configurable via config and command line):
LogInit:  - bVerifyPeer = true  - Libcurl will verify peer certificate
LogInit:  - bUseHttpProxy = false  - Libcurl will NOT use HTTP proxy
LogInit:  - bDontReuseConnections = false  - Libcurl will reuse connections
LogInit:  - MaxHostConnections = 16  - Libcurl will limit the number of connections to a host
LogInit:  - LocalHostAddr = Default
LogInit:  - BufferSize = 65536
LogInit: WinSock: version 1.1 (2.2), MaxSocks=32767, MaxUdp=65467
LogInit: Build: ++UE4+Release-4.22-CL-6574378
LogInit: Engine Version: 4.22.2-6574378+++UE4+Release-4.22
LogInit: Compatible Engine Version: 4.22.0-5660361+++UE4+Release-4.22
LogInit: Net CL: 5660361
LogInit: OS: Windows 10 (Release 1803) (), CPU: Intel(R) Core(TM) i7-7700 CPU @ 3.60GHz, GPU: Intel(R) HD Graphics 630
LogInit: Compiled (64-bit): May 20 2019 09:54:56
LogInit: Compiled with Visual C++: 19.16.27025.01
LogInit: Build Configuration: Development
LogInit: Branch Name: ++UE4+Release-4.22
LogInit: Command Line: 
LogInit: Base Directory: C:/Program Files/Epic Games/UE_4.22/Engine/Binaries/Win64/
LogInit: Installed Engine Build: 1
LogDevObjectVersion: Number of dev versions registered: 23
LogDevObjectVersion:   Dev-Blueprints (B0D832E4-1F89-4F0D-ACCF-7EB736FD4AA2): 10
LogDevObjectVersion:   Dev-Build (E1C64328-A22C-4D53-A36C-8E866417BD8C): 0
LogDevObjectVersion:   Dev-Core (375EC13C-06E4-48FB-B500-84F0262A717E): 3
LogDevObjectVersion:   Dev-Editor (E4B068ED-F494-42E9-A231-DA0B2E46BB41): 30
LogDevObjectVersion:   Dev-Framework (CFFC743F-43B0-4480-9391-14DF171D2073): 35
LogDevObjectVersion:   Dev-Mobile (B02B49B5-BB20-44E9-A304-32B752E40360): 2
LogDevObjectVersion:   Dev-Networking (A4E4105C-59A1-49B5-A7C5-40C4547EDFEE): 0
LogDevObjectVersion:   Dev-Online (39C831C9-5AE6-47DC-9A44-9C173E1C8E7C): 0
LogDevObjectVersion:   Dev-Physics (78F01B33-EBEA-4F98-B9B4-84EACCB95AA2): 0
LogDevObjectVersion:   Dev-Platform (6631380F-2D4D-43E0-8009-CF276956A95A): 0
LogDevObjectVersion:   Dev-Rendering (12F88B9F-8875-4AFC-A67C-D90C383ABD29): 28
LogDevObjectVersion:   Dev-Sequencer (7B5AE74C-D270-4C10-A958-57980B212A5A): 11
LogDevObjectVersion:   Dev-VR (D7296918-1DD6-4BDD-9DE2-64A83CC13884): 2
LogDevObjectVersion:   Dev-LoadTimes (C2A15278-BFE7-4AFE-6C17-90FF531DF755): 1
LogDevObjectVersion:   Private-Geometry (6EACA3D4-40EC-4CC1-B786-8BED09428FC5): 3
LogDevObjectVersion:   Dev-AnimPhys (29E575DD-E0A3-4627-9D10-D276232CDCEA): 17
LogDevObjectVersion:   Dev-Anim (AF43A65D-7FD3-4947-9873-3E8ED9C1BB05): 2
LogDevObjectVersion:   Dev-ReflectionCapture (6B266CEC-1EC7-4B8F-A30B-E4D90942FC07): 1
LogDevObjectVersion:   Dev-Automation (0DF73D61-A23F-47EA-B727-89E90C41499A): 1
LogDevObjectVersion:   FortniteMain (601D1886-AC64-4F84-AA16-D3DE0DEAC7D6): 25
LogDevObjectVersion:   Dev-Enterprise (9DFFBCD6-494F-0158-E221-12823C92A888): 6
LogDevObjectVersion:   Dev-Niagara (F2AED0AC-9AFE-416F-8664-AA7FFA26D6FC): 1
LogDevObjectVersion:   Dev-Destruction (174F1F0B-B4C6-45A5-B13F-2EE8D0FB917D): 2
LogInit: Presizing for max 16777216 objects, including 0 objects not considered by GC, pre-allocating 0 bytes for permanent pool.
LogInit: Object subsystem initialized
LogConfig: Setting CVar [[con.DebugEarlyDefault:1]]
LogConfig: Setting CVar [[r.setres:1280x720]]
[2019.06.15-10.12.01:130][  0]LogConfig: Setting CVar [[r.VSync:0]]
[2019.06.15-10.12.01:130][  0]LogConfig: Setting CVar [[r.RHICmdBypass:0]]
[2019.06.15-10.12.01:130][  0]LogConfig: Applying CVar settings from Section [/Script/Engine.RendererSettings] File [C:/Users/juani/Desktop/Uni/Unreal/Elven-Games/ElvenGames/Saved/Config/Windows/Engine.ini]
[2019.06.15-10.12.01:130][  0]LogConfig: Setting CVar [[r.GPUCrashDebugging:0]]
[2019.06.15-10.12.01:130][  0]LogConfig: Applying CVar settings from Section [/Script/Engine.RendererOverrideSettings] File [C:/Users/juani/Desktop/Uni/Unreal/Elven-Games/ElvenGames/Saved/Config/Windows/Engine.ini]
[2019.06.15-10.12.01:130][  0]LogConfig: Applying CVar settings from Section [/Script/Engine.StreamingSettings] File [C:/Users/juani/Desktop/Uni/Unreal/Elven-Games/ElvenGames/Saved/Config/Windows/Engine.ini]
[2019.06.15-10.12.01:130][  0]LogConfig: Setting CVar [[s.MinBulkDataSizeForAsyncLoading:131072]]
[2019.06.15-10.12.01:130][  0]LogConfig: Setting CVar [[s.AsyncLoadingThreadEnabled:0]]
[2019.06.15-10.12.01:130][  0]LogConfig: Setting CVar [[s.EventDrivenLoaderEnabled:1]]
[2019.06.15-10.12.01:130][  0]LogConfig: Setting CVar [[s.WarnIfTimeLimitExceeded:0]]
[2019.06.15-10.12.01:130][  0]LogConfig: Setting CVar [[s.TimeLimitExceededMultiplier:1.5]]
[2019.06.15-10.12.01:130][  0]LogConfig: Setting CVar [[s.TimeLimitExceededMinTime:0.005]]
[2019.06.15-10.12.01:130][  0]LogConfig: Setting CVar [[s.UseBackgroundLevelStreaming:1]]
[2019.06.15-10.12.01:130][  0]LogConfig: Setting CVar [[s.PriorityAsyncLoadingExtraTime:15.0]]
[2019.06.15-10.12.01:130][  0]LogConfig: Setting CVar [[s.LevelStreamingActorsUpdateTimeLimit:5.0]]
[2019.06.15-10.12.01:130][  0]LogConfig: Setting CVar [[s.PriorityLevelStreamingActorsUpdateExtraTime:5.0]]
[2019.06.15-10.12.01:130][  0]LogConfig: Setting CVar [[s.LevelStreamingComponentsRegistrationGranularity:10]]
[2019.06.15-10.12.01:131][  0]LogConfig: Setting CVar [[s.UnregisterComponentsTimeLimit:1.0]]
[2019.06.15-10.12.01:131][  0]LogConfig: Setting CVar [[s.LevelStreamingComponentsUnregistrationGranularity:5]]
[2019.06.15-10.12.01:131][  0]LogConfig: Applying CVar settings from Section [/Script/Engine.GarbageCollectionSettings] File [C:/Users/juani/Desktop/Uni/Unreal/Elven-Games/ElvenGames/Saved/Config/Windows/Engine.ini]
[2019.06.15-10.12.01:131][  0]LogConfig: Setting CVar [[gc.MaxObjectsNotConsideredByGC:1]]
[2019.06.15-10.12.01:131][  0]LogConfig: Setting CVar [[gc.SizeOfPermanentObjectPool:0]]
[2019.06.15-10.12.01:131][  0]LogConfig: Setting CVar [[gc.FlushStreamingOnGC:0]]
[2019.06.15-10.12.01:131][  0]LogConfig: Setting CVar [[gc.NumRetriesBeforeForcingGC:10]]
[2019.06.15-10.12.01:131][  0]LogConfig: Setting CVar [[gc.AllowParallelGC:1]]
[2019.06.15-10.12.01:131][  0]LogConfig: Setting CVar [[gc.TimeBetweenPurgingPendingKillObjects:61.1]]
[2019.06.15-10.12.01:131][  0]LogConfig: Setting CVar [[gc.MaxObjectsInEditor:16777216]]
[2019.06.15-10.12.01:131][  0]LogConfig: Setting CVar [[gc.IncrementalBeginDestroyEnabled:1]]
[2019.06.15-10.12.01:131][  0]LogConfig: Setting CVar [[gc.CreateGCClusters:1]]
[2019.06.15-10.12.01:131][  0]LogConfig: Setting CVar [[gc.MinGCClusterSize:5]]
[2019.06.15-10.12.01:131][  0]LogConfig: Setting CVar [[gc.ActorClusteringEnabled:0]]
[2019.06.15-10.12.01:131][  0]LogConfig: Setting CVar [[gc.BlueprintClusteringEnabled:0]]
[2019.06.15-10.12.01:131][  0]LogConfig: Setting CVar [[gc.UseDisregardForGCOnDedicatedServers:0]]
[2019.06.15-10.12.01:131][  0]LogConfig: Applying CVar settings from Section [/Script/Engine.NetworkSettings] File [C:/Users/juani/Desktop/Uni/Unreal/Elven-Games/ElvenGames/Saved/Config/Windows/Engine.ini]
[2019.06.15-10.12.01:131][  0]LogConfig: Applying CVar settings from Section [/Script/UnrealEd.CookerSettings] File [C:/Users/juani/Desktop/Uni/Unreal/Elven-Games/ElvenGames/Saved/Config/Windows/Engine.ini]
[2019.06.15-10.12.01:135][  0]LogConfig: Applying CVar settings from Section [ViewDistanceQuality@3] File [C:/Users/juani/Desktop/Uni/Unreal/Elven-Games/ElvenGames/Saved/Config/Windows/Scalability.ini]
[2019.06.15-10.12.01:135][  0]LogConfig: Setting CVar [[r.SkeletalMeshLODBias:0]]
[2019.06.15-10.12.01:135][  0]LogConfig: Setting CVar [[r.ViewDistanceScale:1.0]]
[2019.06.15-10.12.01:135][  0]LogConfig: Applying CVar settings from Section [AntiAliasingQuality@3] File [C:/Users/juani/Desktop/Uni/Unreal/Elven-Games/ElvenGames/Saved/Config/Windows/Scalability.ini]
[2019.06.15-10.12.01:136][  0]LogConfig: Setting CVar [[r.PostProcessAAQuality:4]]
[2019.06.15-10.12.01:136][  0]LogConfig: Applying CVar settings from Section [ShadowQuality@3] File [C:/Users/juani/Desktop/Uni/Unreal/Elven-Games/ElvenGames/Saved/Config/Windows/Scalability.ini]
[2019.06.15-10.12.01:136][  0]LogConfig: Setting CVar [[r.LightFunctionQuality:1]]
[2019.06.15-10.12.01:136][  0]LogConfig: Setting CVar [[r.ShadowQuality:5]]
[2019.06.15-10.12.01:136][  0]LogConfig: Setting CVar [[r.Shadow.CSM.MaxCascades:10]]
[2019.06.15-10.12.01:136][  0]LogConfig: Setting CVar [[r.Shadow.MaxResolution:2048]]
[2019.06.15-10.12.01:136][  0]LogConfig: Setting CVar [[r.Shadow.MaxCSMResolution:2048]]
[2019.06.15-10.12.01:136][  0]LogConfig: Setting CVar [[r.Shadow.RadiusThreshold:0.01]]
[2019.06.15-10.12.01:136][  0]LogConfig: Setting CVar [[r.Shadow.DistanceScale:1.0]]
[2019.06.15-10.12.01:136][  0]LogConfig: Setting CVar [[r.Shadow.CSM.TransitionScale:1.0]]
[2019.06.15-10.12.01:136][  0]LogConfig: Setting CVar [[r.Shadow.PreShadowResolutionFactor:1.0]]
[2019.06.15-10.12.01:136][  0]LogConfig: Setting CVar [[r.DistanceFieldShadowing:1]]
[2019.06.15-10.12.01:136][  0]LogConfig: Setting CVar [[r.DistanceFieldAO:1]]
[2019.06.15-10.12.01:136][  0]LogConfig: Setting CVar [[r.AOQuality:2]]
[2019.06.15-10.12.01:136][  0]LogConfig: Setting CVar [[r.VolumetricFog:1]]
[2019.06.15-10.12.01:136][  0]LogConfig: Setting CVar [[r.VolumetricFog.GridPixelSize:8]]
[2019.06.15-10.12.01:136][  0]LogConfig: Setting CVar [[r.VolumetricFog.GridSizeZ:128]]
[2019.06.15-10.12.01:136][  0]LogConfig: Setting CVar [[r.VolumetricFog.HistoryMissSupersampleCount:4]]
[2019.06.15-10.12.01:136][  0]LogConfig: Setting CVar [[r.LightMaxDrawDistanceScale:1]]
[2019.06.15-10.12.01:136][  0]LogConfig: Setting CVar [[r.CapsuleShadows:1]]
[2019.06.15-10.12.01:136][  0]LogConfig: Applying CVar settings from Section [PostProcessQuality@3] File [C:/Users/juani/Desktop/Uni/Unreal/Elven-Games/ElvenGames/Saved/Config/Windows/Scalability.ini]
[2019.06.15-10.12.01:136][  0]LogConfig: Setting CVar [[r.MotionBlurQuality:4]]
[2019.06.15-10.12.01:136][  0]LogConfig: Setting CVar [[r.AmbientOcclusionMipLevelFactor:0.4]]
[2019.06.15-10.12.01:136][  0]LogConfig: Setting CVar [[r.AmbientOcclusionMaxQuality:100]]
[2019.06.15-10.12.01:136][  0]LogConfig: Setting CVar [[r.AmbientOcclusionLevels:-1]]
[2019.06.15-10.12.01:136][  0]LogConfig: Setting CVar [[r.AmbientOcclusionRadiusScale:1.0]]
[2019.06.15-10.12.01:136][  0]LogConfig: Setting CVar [[r.DepthOfFieldQuality:2]]
[2019.06.15-10.12.01:136][  0]LogConfig: Setting CVar [[r.RenderTargetPoolMin:400]]
[2019.06.15-10.12.01:136][  0]LogConfig: Setting CVar [[r.LensFlareQuality:2]]
[2019.06.15-10.12.01:136][  0]LogConfig: Setting CVar [[r.SceneColorFringeQuality:1]]
[2019.06.15-10.12.01:136][  0]LogConfig: Setting CVar [[r.EyeAdaptationQuality:2]]
[2019.06.15-10.12.01:136][  0]LogConfig: Setting CVar [[r.BloomQuality:5]]
[2019.06.15-10.12.01:136][  0]LogConfig: Setting CVar [[r.FastBlurThreshold:100]]
[2019.06.15-10.12.01:136][  0]LogConfig: Setting CVar [[r.Upscale.Quality:3]]
[2019.06.15-10.12.01:136][  0]LogConfig: Setting CVar [[r.Tonemapper.GrainQuantization:1]]
[2019.06.15-10.12.01:136][  0]LogConfig: Setting CVar [[r.LightShaftQuality:1]]
[2019.06.15-10.12.01:136][  0]LogConfig: Setting CVar [[r.Filter.SizeScale:1]]
[2019.06.15-10.12.01:136][  0]LogConfig: Setting CVar [[r.Tonemapper.Quality:5]]
[2019.06.15-10.12.01:136][  0]LogConfig: Setting CVar [[r.DOF.Gather.AccumulatorQuality:1        ; higher gathering accumulator quality]]
[2019.06.15-10.12.01:136][  0]LogConfig: Setting CVar [[r.DOF.Gather.PostfilterMethod:1          ; Median3x3 postfilering method]]
[2019.06.15-10.12.01:136][  0]LogConfig: Setting CVar [[r.DOF.Gather.EnableBokehSettings:0       ; no bokeh simulation when gathering]]
[2019.06.15-10.12.01:136][  0]LogConfig: Setting CVar [[r.DOF.Gather.RingCount:4                 ; medium number of samples when gathering]]
[2019.06.15-10.12.01:136][  0]LogConfig: Setting CVar [[r.DOF.Scatter.ForegroundCompositing:1    ; additive foreground scattering]]
[2019.06.15-10.12.01:136][  0]LogConfig: Setting CVar [[r.DOF.Scatter.BackgroundCompositing:2    ; additive background scattering]]
[2019.06.15-10.12.01:136][  0]LogConfig: Setting CVar [[r.DOF.Scatter.EnableBokehSettings:1      ; bokeh simulation when scattering]]
[2019.06.15-10.12.01:136][  0]LogConfig: Setting CVar [[r.DOF.Scatter.MaxSpriteRatio:0.1         ; only a maximum of 10% of scattered bokeh]]
[2019.06.15-10.12.01:136][  0]LogConfig: Setting CVar [[r.DOF.Recombine.Quality:1                ; cheap slight out of focus]]
[2019.06.15-10.12.01:136][  0]LogConfig: Setting CVar [[r.DOF.Recombine.EnableBokehSettings:0    ; no bokeh simulation on slight out of focus]]
[2019.06.15-10.12.01:136][  0]LogConfig: Setting CVar [[r.DOF.TemporalAAQuality:1                ; more stable temporal accumulation]]
[2019.06.15-10.12.01:136][  0]LogConfig: Setting CVar [[r.DOF.Kernel.MaxForegroundRadius:0.025]]
[2019.06.15-10.12.01:136][  0]LogConfig: Setting CVar [[r.DOF.Kernel.MaxBackgroundRadius:0.025]]
[2019.06.15-10.12.01:136][  0]LogConfig: Applying CVar settings from Section [TextureQuality@3] File [C:/Users/juani/Desktop/Uni/Unreal/Elven-Games/ElvenGames/Saved/Config/Windows/Scalability.ini]
[2019.06.15-10.12.01:136][  0]LogConfig: Setting CVar [[r.Streaming.MipBias:0]]
[2019.06.15-10.12.01:136][  0]LogConfig: Setting CVar [[r.Streaming.AmortizeCPUToGPUCopy:0]]
[2019.06.15-10.12.01:136][  0]LogConfig: Setting CVar [[r.Streaming.MaxNumTexturesToStreamPerFrame:0]]
[2019.06.15-10.12.01:136][  0]LogConfig: Setting CVar [[r.Streaming.Boost:1]]
[2019.06.15-10.12.01:136][  0]LogConfig: Setting CVar [[r.MaxAnisotropy:8]]
[2019.06.15-10.12.01:136][  0]LogConfig: Setting CVar [[r.Streaming.LimitPoolSizeToVRAM:0]]
[2019.06.15-10.12.01:136][  0]LogConfig: Setting CVar [[r.Streaming.PoolSize:1000]]
[2019.06.15-10.12.01:136][  0]LogConfig: Setting CVar [[r.Streaming.MaxEffectiveScreenSize:0]]
[2019.06.15-10.12.01:136][  0]LogConfig: Applying CVar settings from Section [EffectsQuality@3] File [C:/Users/juani/Desktop/Uni/Unreal/Elven-Games/ElvenGames/Saved/Config/Windows/Scalability.ini]
[2019.06.15-10.12.01:136][  0]LogConfig: Setting CVar [[r.TranslucencyLightingVolumeDim:64]]
[2019.06.15-10.12.01:136][  0]LogConfig: Setting CVar [[r.RefractionQuality:2]]
[2019.06.15-10.12.01:136][  0]LogConfig: Setting CVar [[r.SSR.Quality:3]]
[2019.06.15-10.12.01:136][  0]LogConfig: Setting CVar [[r.SceneColorFormat:4]]
[2019.06.15-10.12.01:136][  0]LogConfig: Setting CVar [[r.DetailMode:2]]
[2019.06.15-10.12.01:136][  0]LogConfig: Setting CVar [[r.TranslucencyVolumeBlur:1]]
[2019.06.15-10.12.01:136][  0]LogConfig: Setting CVar [[r.MaterialQualityLevel:1 ; High quality]]
[2019.06.15-10.12.01:136][  0]LogConfig: Setting CVar [[r.SSS.Scale:1]]
[2019.06.15-10.12.01:136][  0]LogConfig: Setting CVar [[r.SSS.SampleSet:2]]
[2019.06.15-10.12.01:136][  0]LogConfig: Setting CVar [[r.SSS.Quality:1]]
[2019.06.15-10.12.01:136][  0]LogConfig: Setting CVar [[r.SSS.HalfRes:1]]
[2019.06.15-10.12.01:137][  0]LogConfig: Setting CVar [[r.EmitterSpawnRateScale:1.0]]
[2019.06.15-10.12.01:137][  0]LogConfig: Setting CVar [[r.ParticleLightQuality:2]]
[2019.06.15-10.12.01:137][  0]LogConfig: Applying CVar settings from Section [FoliageQuality@3] File [C:/Users/juani/Desktop/Uni/Unreal/Elven-Games/ElvenGames/Saved/Config/Windows/Scalability.ini]
[2019.06.15-10.12.01:137][  0]LogConfig: Setting CVar [[foliage.DensityScale:1.0]]
[2019.06.15-10.12.01:137][  0]LogConfig: Setting CVar [[grass.DensityScale:1.0]]
[2019.06.15-10.12.01:137][  0]LogInit: Selected Device Profile: [Windows]
[2019.06.15-10.12.01:137][  0]LogInit: Applying CVar settings loaded from the selected device profile: [Windows]
[2019.06.15-10.12.01:144][  0]LogHAL: Display: Platform has ~ 8 GB [8457244672 / 8589934592 / 8], which maps to Default [LargestMinGB=32, LargerMinGB=12, DefaultMinGB=8, SmallerMinGB=6, SmallestMinGB=0)
[2019.06.15-10.12.01:144][  0]LogConfig: Setting CVar [[r.Vulkan.UseRealUBs:0		; Required until we fix HLR fall-out]]
[2019.06.15-10.12.01:144][  0]LogInit: Going up to parent DeviceProfile []
[2019.06.15-10.12.01:144][  0]LogConfig: Applying CVar settings from Section [ViewDistanceQuality@3] File [C:/Users/juani/Desktop/Uni/Unreal/Elven-Games/ElvenGames/Saved/Config/Windows/Scalability.ini]
[2019.06.15-10.12.01:144][  0]LogConfig: Setting CVar [[r.SkeletalMeshLODBias:0]]
[2019.06.15-10.12.01:144][  0]LogConfig: Setting CVar [[r.ViewDistanceScale:1.0]]
[2019.06.15-10.12.01:144][  0]LogConfig: Applying CVar settings from Section [AntiAliasingQuality@3] File [C:/Users/juani/Desktop/Uni/Unreal/Elven-Games/ElvenGames/Saved/Config/Windows/Scalability.ini]
[2019.06.15-10.12.01:144][  0]LogConfig: Setting CVar [[r.PostProcessAAQuality:4]]
[2019.06.15-10.12.01:144][  0]LogConfig: Applying CVar settings from Section [ShadowQuality@3] File [C:/Users/juani/Desktop/Uni/Unreal/Elven-Games/ElvenGames/Saved/Config/Windows/Scalability.ini]
[2019.06.15-10.12.01:144][  0]LogConfig: Setting CVar [[r.LightFunctionQuality:1]]
[2019.06.15-10.12.01:144][  0]LogConfig: Setting CVar [[r.ShadowQuality:5]]
[2019.06.15-10.12.01:144][  0]LogConfig: Setting CVar [[r.Shadow.CSM.MaxCascades:10]]
[2019.06.15-10.12.01:144][  0]LogConfig: Setting CVar [[r.Shadow.MaxResolution:2048]]
[2019.06.15-10.12.01:144][  0]LogConfig: Setting CVar [[r.Shadow.MaxCSMResolution:2048]]
[2019.06.15-10.12.01:144][  0]LogConfig: Setting CVar [[r.Shadow.RadiusThreshold:0.01]]
[2019.06.15-10.12.01:144][  0]LogConfig: Setting CVar [[r.Shadow.DistanceScale:1.0]]
[2019.06.15-10.12.01:144][  0]LogConfig: Setting CVar [[r.Shadow.CSM.TransitionScale:1.0]]
[2019.06.15-10.12.01:144][  0]LogConfig: Setting CVar [[r.Shadow.PreShadowResolutionFactor:1.0]]
[2019.06.15-10.12.01:144][  0]LogConfig: Setting CVar [[r.DistanceFieldShadowing:1]]
[2019.06.15-10.12.01:144][  0]LogConfig: Setting CVar [[r.DistanceFieldAO:1]]
[2019.06.15-10.12.01:144][  0]LogConfig: Setting CVar [[r.AOQuality:2]]
[2019.06.15-10.12.01:144][  0]LogConfig: Setting CVar [[r.VolumetricFog:1]]
[2019.06.15-10.12.01:144][  0]LogConfig: Setting CVar [[r.VolumetricFog.GridPixelSize:8]]
[2019.06.15-10.12.01:144][  0]LogConfig: Setting CVar [[r.VolumetricFog.GridSizeZ:128]]
[2019.06.15-10.12.01:144][  0]LogConfig: Setting CVar [[r.VolumetricFog.HistoryMissSupersampleCount:4]]
[2019.06.15-10.12.01:144][  0]LogConfig: Setting CVar [[r.LightMaxDrawDistanceScale:1]]
[2019.06.15-10.12.01:144][  0]LogConfig: Setting CVar [[r.CapsuleShadows:1]]
[2019.06.15-10.12.01:144][  0]LogConfig: Applying CVar settings from Section [PostProcessQuality@3] File [C:/Users/juani/Desktop/Uni/Unreal/Elven-Games/ElvenGames/Saved/Config/Windows/Scalability.ini]
[2019.06.15-10.12.01:144][  0]LogConfig: Setting CVar [[r.MotionBlurQuality:4]]
[2019.06.15-10.12.01:144][  0]LogConfig: Setting CVar [[r.AmbientOcclusionMipLevelFactor:0.4]]
[2019.06.15-10.12.01:144][  0]LogConfig: Setting CVar [[r.AmbientOcclusionMaxQuality:100]]
[2019.06.15-10.12.01:144][  0]LogConfig: Setting CVar [[r.AmbientOcclusionLevels:-1]]
[2019.06.15-10.12.01:144][  0]LogConfig: Setting CVar [[r.AmbientOcclusionRadiusScale:1.0]]
[2019.06.15-10.12.01:144][  0]LogConfig: Setting CVar [[r.DepthOfFieldQuality:2]]
[2019.06.15-10.12.01:144][  0]LogConfig: Setting CVar [[r.RenderTargetPoolMin:400]]
[2019.06.15-10.12.01:144][  0]LogConfig: Setting CVar [[r.LensFlareQuality:2]]
[2019.06.15-10.12.01:145][  0]LogConfig: Setting CVar [[r.SceneColorFringeQuality:1]]
[2019.06.15-10.12.01:145][  0]LogConfig: Setting CVar [[r.EyeAdaptationQuality:2]]
[2019.06.15-10.12.01:145][  0]LogConfig: Setting CVar [[r.BloomQuality:5]]
[2019.06.15-10.12.01:145][  0]LogConfig: Setting CVar [[r.FastBlurThreshold:100]]
[2019.06.15-10.12.01:145][  0]LogConfig: Setting CVar [[r.Upscale.Quality:3]]
[2019.06.15-10.12.01:145][  0]LogConfig: Setting CVar [[r.Tonemapper.GrainQuantization:1]]
[2019.06.15-10.12.01:145][  0]LogConfig: Setting CVar [[r.LightShaftQuality:1]]
[2019.06.15-10.12.01:145][  0]LogConfig: Setting CVar [[r.Filter.SizeScale:1]]
[2019.06.15-10.12.01:145][  0]LogConfig: Setting CVar [[r.Tonemapper.Quality:5]]
[2019.06.15-10.12.01:145][  0]LogConfig: Setting CVar [[r.DOF.Gather.AccumulatorQuality:1        ; higher gathering accumulator quality]]
[2019.06.15-10.12.01:145][  0]LogConfig: Setting CVar [[r.DOF.Gather.PostfilterMethod:1          ; Median3x3 postfilering method]]
[2019.06.15-10.12.01:145][  0]LogConfig: Setting CVar [[r.DOF.Gather.EnableBokehSettings:0       ; no bokeh simulation when gathering]]
[2019.06.15-10.12.01:145][  0]LogConfig: Setting CVar [[r.DOF.Gather.RingCount:4                 ; medium number of samples when gathering]]
[2019.06.15-10.12.01:145][  0]LogConfig: Setting CVar [[r.DOF.Scatter.ForegroundCompositing:1    ; additive foreground scattering]]
[2019.06.15-10.12.01:145][  0]LogConfig: Setting CVar [[r.DOF.Scatter.BackgroundCompositing:2    ; additive background scattering]]
[2019.06.15-10.12.01:145][  0]LogConfig: Setting CVar [[r.DOF.Scatter.EnableBokehSettings:1      ; bokeh simulation when scattering]]
[2019.06.15-10.12.01:145][  0]LogConfig: Setting CVar [[r.DOF.Scatter.MaxSpriteRatio:0.1         ; only a maximum of 10% of scattered bokeh]]
[2019.06.15-10.12.01:145][  0]LogConfig: Setting CVar [[r.DOF.Recombine.Quality:1                ; cheap slight out of focus]]
[2019.06.15-10.12.01:145][  0]LogConfig: Setting CVar [[r.DOF.Recombine.EnableBokehSettings:0    ; no bokeh simulation on slight out of focus]]
[2019.06.15-10.12.01:145][  0]LogConfig: Setting CVar [[r.DOF.TemporalAAQuality:1                ; more stable temporal accumulation]]
[2019.06.15-10.12.01:145][  0]LogConfig: Setting CVar [[r.DOF.Kernel.MaxForegroundRadius:0.025]]
[2019.06.15-10.12.01:145][  0]LogConfig: Setting CVar [[r.DOF.Kernel.MaxBackgroundRadius:0.025]]
[2019.06.15-10.12.01:145][  0]LogConfig: Applying CVar settings from Section [TextureQuality@3] File [C:/Users/juani/Desktop/Uni/Unreal/Elven-Games/ElvenGames/Saved/Config/Windows/Scalability.ini]
[2019.06.15-10.12.01:145][  0]LogConfig: Setting CVar [[r.Streaming.MipBias:0]]
[2019.06.15-10.12.01:145][  0]LogConfig: Setting CVar [[r.Streaming.AmortizeCPUToGPUCopy:0]]
[2019.06.15-10.12.01:145][  0]LogConfig: Setting CVar [[r.Streaming.MaxNumTexturesToStreamPerFrame:0]]
[2019.06.15-10.12.01:145][  0]LogConfig: Setting CVar [[r.Streaming.Boost:1]]
[2019.06.15-10.12.01:145][  0]LogConfig: Setting CVar [[r.MaxAnisotropy:8]]
[2019.06.15-10.12.01:145][  0]LogConfig: Setting CVar [[r.Streaming.LimitPoolSizeToVRAM:0]]
[2019.06.15-10.12.01:145][  0]LogConfig: Setting CVar [[r.Streaming.PoolSize:1000]]
[2019.06.15-10.12.01:145][  0]LogConfig: Setting CVar [[r.Streaming.MaxEffectiveScreenSize:0]]
[2019.06.15-10.12.01:145][  0]LogConfig: Applying CVar settings from Section [EffectsQuality@3] File [C:/Users/juani/Desktop/Uni/Unreal/Elven-Games/ElvenGames/Saved/Config/Windows/Scalability.ini]
[2019.06.15-10.12.01:145][  0]LogConfig: Setting CVar [[r.TranslucencyLightingVolumeDim:64]]
[2019.06.15-10.12.01:145][  0]LogConfig: Setting CVar [[r.RefractionQuality:2]]
[2019.06.15-10.12.01:145][  0]LogConfig: Setting CVar [[r.SSR.Quality:3]]
[2019.06.15-10.12.01:145][  0]LogConfig: Setting CVar [[r.SceneColorFormat:4]]
[2019.06.15-10.12.01:145][  0]LogConfig: Setting CVar [[r.DetailMode:2]]
[2019.06.15-10.12.01:145][  0]LogConfig: Setting CVar [[r.TranslucencyVolumeBlur:1]]
[2019.06.15-10.12.01:145][  0]LogConfig: Setting CVar [[r.MaterialQualityLevel:1 ; High quality]]
[2019.06.15-10.12.01:145][  0]LogConfig: Setting CVar [[r.SSS.Scale:1]]
[2019.06.15-10.12.01:145][  0]LogConfig: Setting CVar [[r.SSS.SampleSet:2]]
[2019.06.15-10.12.01:145][  0]LogConfig: Setting CVar [[r.SSS.Quality:1]]
[2019.06.15-10.12.01:145][  0]LogConfig: Setting CVar [[r.SSS.HalfRes:1]]
[2019.06.15-10.12.01:145][  0]LogConfig: Setting CVar [[r.EmitterSpawnRateScale:1.0]]
[2019.06.15-10.12.01:145][  0]LogConfig: Setting CVar [[r.ParticleLightQuality:2]]
[2019.06.15-10.12.01:145][  0]LogConfig: Applying CVar settings from Section [FoliageQuality@3] File [C:/Users/juani/Desktop/Uni/Unreal/Elven-Games/ElvenGames/Saved/Config/Windows/Scalability.ini]
[2019.06.15-10.12.01:145][  0]LogConfig: Setting CVar [[foliage.DensityScale:1.0]]
[2019.06.15-10.12.01:145][  0]LogConfig: Setting CVar [[grass.DensityScale:1.0]]
[2019.06.15-10.12.01:145][  0]LogConfig: Applying CVar settings from Section [Startup] File [../../../Engine/Config/ConsoleVariables.ini]
[2019.06.15-10.12.01:145][  0]LogConfig: Setting CVar [[net.UseAdaptiveNetUpdateFrequency:0]]
[2019.06.15-10.12.01:145][  0]LogConfig: Setting CVar [[p.chaos.AllowCreatePhysxBodies:1]]
[2019.06.15-10.12.01:145][  0]LogConfig: Applying CVar settings from Section [ConsoleVariables] File [C:/Users/juani/Desktop/Uni/Unreal/Elven-Games/ElvenGames/Saved/Config/Windows/Engine.ini]
[2019.06.15-10.12.01:146][  0]LogInit: Computer: DESKTOP-F7AQ3T6
[2019.06.15-10.12.01:146][  0]LogInit: User: juani
[2019.06.15-10.12.01:146][  0]LogInit: CPU Page size=4096, Cores=4
[2019.06.15-10.12.01:146][  0]LogInit: High frequency timer resolution =3.515635 MHz
[2019.06.15-10.12.01:146][  0]LogMemory: Memory total: Physical=7.9GB (8GB approx)
[2019.06.15-10.12.01:146][  0]LogMemory: Platform Memory Stats for Windows
[2019.06.15-10.12.01:146][  0]LogMemory: Process Physical Memory: 96.04 MB used, 96.04 MB peak
[2019.06.15-10.12.01:146][  0]LogMemory: Process Virtual Memory: 90.41 MB used, 90.41 MB peak
[2019.06.15-10.12.01:146][  0]LogMemory: Physical Memory: 5624.39 MB used,  2441.07 MB free, 8065.46 MB total
[2019.06.15-10.12.01:146][  0]LogMemory: Virtual Memory: 4655.79 MB used,  134213072.00 MB free, 134217728.00 MB total
[2019.06.15-10.12.01:637][  0]LogInit: Overriding language with editor language configuration option (en).
[2019.06.15-10.12.01:637][  0]LogInit: Overriding locale with editor locale configuration option (en).
[2019.06.15-10.12.01:777][  0]LogInit: Setting process to per monitor DPI aware
[2019.06.15-10.12.01:810][  0]LogSlate: New Slate User Created.  User Index 0, Is Virtual User: 0
[2019.06.15-10.12.01:810][  0]LogSlate: Slate User Registered.  User Index 0, Is Virtual User: 0
[2019.06.15-10.12.01:967][  0]LogHMD: Failed to initialize OpenVR with code 110
[2019.06.15-10.12.01:967][  0]LogD3D11RHI: D3D11 adapters:
[2019.06.15-10.12.02:016][  0]LogD3D11RHI:    0. 'NVIDIA GeForce GTX 960' (Feature Level 11_0)
[2019.06.15-10.12.02:016][  0]LogD3D11RHI:       2007/0/4032 MB DedicatedVideo/DedicatedSystem/SharedSystem, Outputs:1, VendorId:0x10de
[2019.06.15-10.12.02:028][  0]LogD3D11RHI:    1. 'Intel(R) HD Graphics 630' (Feature Level 11_0)
[2019.06.15-10.12.02:028][  0]LogD3D11RHI:       128/0/4032 MB DedicatedVideo/DedicatedSystem/SharedSystem, Outputs:1, VendorId:0x8086
[2019.06.15-10.12.02:029][  0]LogD3D11RHI:    2. 'Microsoft Basic Render Driver' (Feature Level 11_0)
[2019.06.15-10.12.02:029][  0]LogD3D11RHI:       0/0/4032 MB DedicatedVideo/DedicatedSystem/SharedSystem, Outputs:0, VendorId:0x1414
[2019.06.15-10.12.02:030][  0]LogD3D11RHI: Chosen D3D11 Adapter: 0
[2019.06.15-10.12.02:036][  0]LogD3D11RHI: Creating new Direct3DDevice
[2019.06.15-10.12.02:036][  0]LogD3D11RHI:     GPU DeviceId: 0x1401 (for the marketing name, search the web for "GPU Device Id")
[2019.06.15-10.12.02:036][  0]LogWindows: EnumDisplayDevices:
[2019.06.15-10.12.02:036][  0]LogWindows:    0. 'Intel(R) HD Graphics 630' (P:0 D:1)
[2019.06.15-10.12.02:036][  0]LogWindows:    1. 'Intel(R) HD Graphics 630' (P:0 D:0)
[2019.06.15-10.12.02:036][  0]LogWindows:    2. 'Intel(R) HD Graphics 630' (P:0 D:0)
[2019.06.15-10.12.02:037][  0]LogWindows:    3. 'NVIDIA GeForce GTX 960' (P:1 D:1)
[2019.06.15-10.12.02:037][  0]LogWindows:    4. 'NVIDIA GeForce GTX 960' (P:0 D:0)
[2019.06.15-10.12.02:037][  0]LogWindows:    5. 'NVIDIA GeForce GTX 960' (P:0 D:0)
[2019.06.15-10.12.02:037][  0]LogWindows:    6. 'NVIDIA GeForce GTX 960' (P:0 D:0)
[2019.06.15-10.12.02:037][  0]LogWindows: DebugString: PrimaryIsNotTheChoosenAdapter PrimaryIsNotTheChoosenAdapter PrimaryIsNotTheChoosenAdapter FoundDriverCount:4 
[2019.06.15-10.12.02:037][  0]LogD3D11RHI:     Adapter Name: NVIDIA GeForce GTX 960
[2019.06.15-10.12.02:037][  0]LogD3D11RHI:   Driver Version: 417.35 (internal:25.21.14.1735, unified:417.35)
[2019.06.15-10.12.02:037][  0]LogD3D11RHI:      Driver Date: 12-11-2018
[2019.06.15-10.12.02:037][  0]LogRHI: Texture pool is 1405 MB (70% of 2007 MB)
[2019.06.15-10.12.02:074][  0]LogD3D11RHI: Async texture creation enabled
[2019.06.15-10.12.02:077][  0]LogRendererCore: FGlobalReadBuffer::InitRHI
[2019.06.15-10.12.02:077][  0]LogRendererCore: FGlobalReadBuffer::InitRHI
[2019.06.15-10.12.02:077][  0]LogRendererCore: FGlobalReadBuffer::InitRHI
[2019.06.15-10.12.02:091][  0]LogD3D11RHI: GPU Timing Frequency: 1000.000000 (Debug: 2 2)
[2019.06.15-10.12.02:409][  0]LogTemp: Display: Module 'AllDesktopTargetPlatform' loaded TargetPlatform 'AllDesktop'
[2019.06.15-10.12.02:422][  0]LogTemp: Display: Module 'MacClientTargetPlatform' loaded TargetPlatform 'MacClient'
[2019.06.15-10.12.02:434][  0]LogTemp: Display: Module 'MacNoEditorTargetPlatform' loaded TargetPlatform 'MacNoEditor'
[2019.06.15-10.12.02:446][  0]LogTemp: Display: Module 'MacServerTargetPlatform' loaded TargetPlatform 'MacServer'
[2019.06.15-10.12.02:458][  0]LogTemp: Display: Module 'MacTargetPlatform' loaded TargetPlatform 'Mac'
[2019.06.15-10.12.02:470][  0]LogTemp: Display: Module 'WindowsClientTargetPlatform' loaded TargetPlatform 'WindowsClient'
[2019.06.15-10.12.02:483][  0]LogTemp: Display: Module 'WindowsNoEditorTargetPlatform' loaded TargetPlatform 'WindowsNoEditor'
[2019.06.15-10.12.02:495][  0]LogTemp: Display: Module 'WindowsServerTargetPlatform' loaded TargetPlatform 'WindowsServer'
[2019.06.15-10.12.02:502][  0]LogTemp: Display: Module 'WindowsTargetPlatform' loaded TargetPlatform 'Windows'
[2019.06.15-10.12.02:571][  0]LogTemp: Display: Module 'AndroidTargetPlatform' loaded TargetPlatform 'Android'
[2019.06.15-10.12.02:571][  0]LogTemp: Display: Module 'AndroidTargetPlatform' loaded TargetPlatform 'Android_ASTC'
[2019.06.15-10.12.02:571][  0]LogTemp: Display: Module 'AndroidTargetPlatform' loaded TargetPlatform 'Android_ATC'
[2019.06.15-10.12.02:571][  0]LogTemp: Display: Module 'AndroidTargetPlatform' loaded TargetPlatform 'Android_DXT'
[2019.06.15-10.12.02:571][  0]LogTemp: Display: Module 'AndroidTargetPlatform' loaded TargetPlatform 'Android_ETC1'
[2019.06.15-10.12.02:571][  0]LogTemp: Display: Module 'AndroidTargetPlatform' loaded TargetPlatform 'Android_ETC1a'
[2019.06.15-10.12.02:571][  0]LogTemp: Display: Module 'AndroidTargetPlatform' loaded TargetPlatform 'Android_ETC2'
[2019.06.15-10.12.02:571][  0]LogTemp: Display: Module 'AndroidTargetPlatform' loaded TargetPlatform 'Android_PVRTC'
[2019.06.15-10.12.02:571][  0]LogTemp: Display: Module 'AndroidTargetPlatform' loaded TargetPlatform 'AndroidClient'
[2019.06.15-10.12.02:571][  0]LogTemp: Display: Module 'AndroidTargetPlatform' loaded TargetPlatform 'Android_ASTCClient'
[2019.06.15-10.12.02:571][  0]LogTemp: Display: Module 'AndroidTargetPlatform' loaded TargetPlatform 'Android_ATCClient'
[2019.06.15-10.12.02:571][  0]LogTemp: Display: Module 'AndroidTargetPlatform' loaded TargetPlatform 'Android_DXTClient'
[2019.06.15-10.12.02:571][  0]LogTemp: Display: Module 'AndroidTargetPlatform' loaded TargetPlatform 'Android_ETC1Client'
[2019.06.15-10.12.02:571][  0]LogTemp: Display: Module 'AndroidTargetPlatform' loaded TargetPlatform 'Android_ETC1aClient'
[2019.06.15-10.12.02:571][  0]LogTemp: Display: Module 'AndroidTargetPlatform' loaded TargetPlatform 'Android_ETC2Client'
[2019.06.15-10.12.02:571][  0]LogTemp: Display: Module 'AndroidTargetPlatform' loaded TargetPlatform 'Android_PVRTCClient'
[2019.06.15-10.12.02:571][  0]LogTemp: Display: Module 'AndroidTargetPlatform' loaded TargetPlatform 'Android_Multi'
[2019.06.15-10.12.02:571][  0]LogTemp: Display: Module 'AndroidTargetPlatform' loaded TargetPlatform 'Android_MultiClient'
[2019.06.15-10.12.02:573][  0]LogTemp: Display: Module 'HTML5TargetPlatform' loaded TargetPlatform 'HTML5'
[2019.06.15-10.12.02:619][  0]LogTemp: Display: Module 'IOSTargetPlatform' loaded TargetPlatform 'IOSClient'
[2019.06.15-10.12.02:619][  0]LogTemp: Display: Module 'IOSTargetPlatform' loaded TargetPlatform 'IOS'
[2019.06.15-10.12.02:640][  0]LogTemp: Display: Module 'TVOSTargetPlatform' loaded TargetPlatform 'TVOSClient'
[2019.06.15-10.12.02:640][  0]LogTemp: Display: Module 'TVOSTargetPlatform' loaded TargetPlatform 'TVOS'
[2019.06.15-10.12.02:651][  0]LogTemp: Display: Module 'LinuxClientTargetPlatform' loaded TargetPlatform 'LinuxClient'
[2019.06.15-10.12.02:662][  0]LogTemp: Display: Module 'LinuxNoEditorTargetPlatform' loaded TargetPlatform 'LinuxNoEditor'
[2019.06.15-10.12.02:672][  0]LogTemp: Display: Module 'LinuxServerTargetPlatform' loaded TargetPlatform 'LinuxServer'
[2019.06.15-10.12.02:684][  0]LogTemp: Display: Module 'LinuxTargetPlatform' loaded TargetPlatform 'Linux'
[2019.06.15-10.12.02:724][  0]LogTemp: Display: Module 'LuminTargetPlatform' loaded TargetPlatform 'Lumin'
[2019.06.15-10.12.02:724][  0]LogTemp: Display: Module 'LuminTargetPlatform' loaded TargetPlatform 'LuminClient'
[2019.06.15-10.12.02:724][  0]LogTargetPlatformManager: Display: Building Assets For Windows
[2019.06.15-10.12.02:731][  0]LogAudioDebug: Display: Lib vorbis DLL was dynamically loaded.
[2019.06.15-10.12.02:779][  0]LogShaderCompilers: Guid format shader working directory is -25 characters bigger than the processId version (../../../../../../Users/juani/Desktop/Uni/Unreal/Elven-Games/ElvenGames/Intermediate/Shaders/WorkingDirectory/3276/).
[2019.06.15-10.12.02:779][  0]LogShaderCompilers: Cleaned the shader compiler working directory 'C:/Users/juani/AppData/Local/Temp/UnrealShaderWorkingDir/BFC06D6640E588B9FBD497A7B6BC0176/'.
[2019.06.15-10.12.02:781][  0]LogXGEController: Cannot use XGE Controller as Incredibuild is not installed on this machine.
[2019.06.15-10.12.02:782][  0]LogShaderCompilers: Cannot use XGE Shader Compiler as Incredibuild is not installed on this machine.
[2019.06.15-10.12.02:782][  0]LogShaderCompilers: Display: Using Local Shader Compiler.
[2019.06.15-10.12.03:277][  0]LogDerivedDataCache: Display: Max Cache Size: 512 MB
[2019.06.15-10.12.03:335][  0]LogDerivedDataCache: Loaded boot cache 0.06s 73MB C:/Users/juani/AppData/Local/UnrealEngine/4.22/DerivedDataCache/Boot.ddc.
[2019.06.15-10.12.03:335][  0]LogDerivedDataCache: Display: Loaded Boot cache: C:/Users/juani/AppData/Local/UnrealEngine/4.22/DerivedDataCache/Boot.ddc
[2019.06.15-10.12.03:335][  0]LogDerivedDataCache: FDerivedDataBackendGraph:  Pak pak cache file ../../../../../../Users/juani/Desktop/Uni/Unreal/Elven-Games/ElvenGames/DerivedDataCache/DDC.ddp not found, will not use a pak cache.
[2019.06.15-10.12.03:335][  0]LogDerivedDataCache: Unable to find inner node Pak for hierarchical cache Hierarchy.
[2019.06.15-10.12.03:335][  0]LogDerivedDataCache: FDerivedDataBackendGraph:  CompressedPak pak cache file ../../../../../../Users/juani/Desktop/Uni/Unreal/Elven-Games/ElvenGames/DerivedDataCache/Compressed.ddp not found, will not use a pak cache.
[2019.06.15-10.12.03:335][  0]LogDerivedDataCache: Unable to find inner node CompressedPak for hierarchical cache Hierarchy.
[2019.06.15-10.12.03:347][  0]LogDerivedDataCache: Display: Pak cache opened for reading ../../../Engine/DerivedDataCache/Compressed.ddp.
[2019.06.15-10.12.03:347][  0]LogDerivedDataCache: FDerivedDataBackendGraph:  EnterprisePak pak cache file ../../../Enterprise/DerivedDataCache/Compressed.ddp not found, will not use a pak cache.
[2019.06.15-10.12.03:347][  0]LogDerivedDataCache: Unable to find inner node EnterprisePak for hierarchical cache Hierarchy.
[2019.06.15-10.12.03:359][  0]LogDerivedDataCache: Using Local data cache path C:/Users/juani/AppData/Local/UnrealEngine/Common/DerivedDataCache: Writable
[2019.06.15-10.12.03:359][  0]LogDerivedDataCache: Shared data cache path not found in *engine.ini, will not use an Shared cache.
[2019.06.15-10.12.03:359][  0]LogDerivedDataCache: Unable to find inner node Shared for hierarchical cache Hierarchy.
[2019.06.15-10.12.03:380][  0]LogMaterial: Verifying Global Shaders for PCD3D_SM5
[2019.06.15-10.12.03:381][  0]LogSlate: Using FreeType 2.6.0
[2019.06.15-10.12.03:381][  0]LogSlate: SlateFontServices - WITH_FREETYPE: 1, WITH_HARFBUZZ: 1
[2019.06.15-10.12.03:462][  0]LogAssetRegistry: FAssetRegistry took 0.0317 seconds to start up
[2019.06.15-10.12.03:756][  0]LogInit: Selected Device Profile: [Windows]
[2019.06.15-10.12.03:811][  0]LogMeshReduction: Using QuadricMeshReduction for automatic static mesh reduction
[2019.06.15-10.12.03:811][  0]LogMeshReduction: Using SimplygonMeshReduction for automatic skeletal mesh reduction
[2019.06.15-10.12.03:811][  0]LogMeshReduction: Using ProxyLODMeshReduction for automatic mesh merging
[2019.06.15-10.12.03:811][  0]LogMeshReduction: No distributed automatic mesh merging module available
[2019.06.15-10.12.03:811][  0]LogMeshMerging: No distributed automatic mesh merging module available
[2019.06.15-10.12.03:893][  0]LogNetVersion: ElvenGames 1.0.0, NetCL: 5660361, EngineNetVer: 10, GameNetVer: 0 (Checksum: 1590726945)
[2019.06.15-10.12.04:286][  0]LogPackageLocalizationCache: Processed 10 localized package path(s) for 1 prioritized culture(s) in 0.029995 seconds
[2019.06.15-10.12.04:292][  0]LogUObjectArray: 42205 objects as part of root set at end of initial load.
[2019.06.15-10.12.04:292][  0]LogUObjectAllocator: 7325032 out of 0 bytes used by permanent object pool.
[2019.06.15-10.12.04:292][  0]LogUObjectArray: CloseDisregardForGC: 0/0 objects in disregard for GC pool
[2019.06.15-10.12.05:113][  0]LogTcpMessaging: Initializing TcpMessaging bridge
[2019.06.15-10.12.05:127][  0]LogUdpMessaging: Initializing bridge on interface 0.0.0.0:0 to multicast group 230.0.0.1:6666.
[2019.06.15-10.12.05:231][  0]SourceControl: Source control is disabled
[2019.06.15-10.12.05:231][  0]SourceControl: Source control is disabled
[2019.06.15-10.12.05:233][  0]SourceControl: Source control is disabled
[2019.06.15-10.12.05:234][  0]SourceControl: Source control is disabled
[2019.06.15-10.12.05:321][  0]LogAndroidPermission: UAndroidPermissionCallbackProxy::GetInstance
[2019.06.15-10.12.05:458][  0]LogOcInput: OculusInput pre-init called
[2019.06.15-10.12.06:099][  0]LogEngine: Initializing Engine...
[2019.06.15-10.12.06:100][  0]LogHMD: Failed to initialize OpenVR with code 110
[2019.06.15-10.12.06:101][  0]LogStats: UGameplayTagsManager::InitializeManager -  0.000 s
[2019.06.15-10.12.06:329][  0]LogInit: Initializing FReadOnlyCVARCache
[2019.06.15-10.12.06:353][  0]LogAIModule: Creating AISystem for world Untitled
[2019.06.15-10.12.06:387][  0]LogInit: XAudio2 using 'Altavoces +SSE3 (Realtek High Definition Audio)' : 2 channels at 48 kHz using 32 bits per sample (channel mask 0x3)
[2019.06.15-10.12.06:425][  0]LogInit: FAudioDevice initialized.
[2019.06.15-10.12.06:425][  0]LogNetVersion: Set ProjectVersion to 1.0.0.0. Version Checksum will be recalculated on next use.
[2019.06.15-10.12.06:517][  0]LogDerivedDataCache: Saved boot cache 0.09s 73MB C:/Users/juani/AppData/Local/UnrealEngine/4.22/DerivedDataCache/Boot.ddc.
[2019.06.15-10.12.06:524][  0]LogInit: Texture streaming: Enabled
[2019.06.15-10.12.06:545][  0]LogEngineSessionManager: EngineSessionManager initialized
[2019.06.15-10.12.06:570][  0]LogInit: Transaction tracking system initialized
[2019.06.15-10.12.06:598][  0]BlueprintLog: New page: Editor Load
[2019.06.15-10.12.06:689][  0]LocalizationService: Localization service is disabled
[2019.06.15-10.12.06:984][  0]LogCook: Display: Max memory allowance for cook 16384mb min free memory 0mb
[2019.06.15-10.12.06:985][  0]LogCook: Display: Mobile HDR setting 1
[2019.06.15-10.12.07:178][  0]LogFileCache: Scanning file cache for directory 'C:/Users/juani/Desktop/Uni/Unreal/Elven-Games/ElvenGames/Content/' took 0.05s
[2019.06.15-10.12.07:178][  0]SourceControl: Source control is disabled
[2019.06.15-10.12.07:178][  0]Cmd: MAP LOAD FILE="../../../../../../Users/juani/Desktop/Uni/Unreal/Elven-Games/ElvenGames/Content/ThirdPersonBP/Maps/ThirdPersonExampleMap.umap" TEMPLATE=0 SHOWPROGRESS=1 FEATURELEVEL=3
[2019.06.15-10.12.07:179][  0]LogEditorServer: Warning: Can't find file '../../../../../../Users/juani/Desktop/Uni/Unreal/Elven-Games/ElvenGames/Content/ThirdPersonBP/Maps/ThirdPersonExampleMap.umap'
[2019.06.15-10.12.07:179][  0]Cmd: MAP CHECKDEP NOCLEARLOG
[2019.06.15-10.12.07:179][  0]MapCheck: Map check complete: 0 Error(s), 0 Warning(s), took 0.125ms to complete.
[2019.06.15-10.12.07:179][  0]LogFileHelpers: Loading map 'ThirdPersonExampleMap' took 0.001
[2019.06.15-10.12.07:329][  0]LogSlate: Updating window title bar state: overlay mode, drag disabled, window buttons hidden, title bar hidden
[2019.06.15-10.12.07:338][  0]LogSlate: Updating window title bar state: overlay mode, drag disabled, window buttons hidden, title bar hidden
[2019.06.15-10.12.07:346][  0]LogSlate: Updating window title bar state: overlay mode, drag disabled, window buttons hidden, title bar hidden
[2019.06.15-10.12.07:354][  0]LogSlate: Updating window title bar state: overlay mode, drag disabled, window buttons hidden, title bar hidden
[2019.06.15-10.12.07:364][  0]LogCollectionManager: Loaded 0 collections in 0.002885 seconds
[2019.06.15-10.12.07:383][  0]LogFileCache: Scanning file cache for directory 'C:/Users/juani/Desktop/Uni/Unreal/Elven-Games/ElvenGames/Saved/Collections/' took 0.01s
[2019.06.15-10.12.07:383][  0]LogFileCache: Scanning file cache for directory 'C:/Users/juani/Desktop/Uni/Unreal/Elven-Games/ElvenGames/Content/Developers/juani/Collections/' took 0.00s
[2019.06.15-10.12.07:383][  0]LogFileCache: Scanning file cache for directory 'C:/Users/juani/Desktop/Uni/Unreal/Elven-Games/ElvenGames/Content/Collections/' took 0.00s
[2019.06.15-10.12.07:383][  0]LogCollectionManager: Rebuilt the GUID cache for 0 collections in 0.000001 seconds
[2019.06.15-10.12.07:392][  0]LogContentBrowser: Native class hierarchy populated in 0.0086 seconds. Added 2732 classes and 659 folders.
[2019.06.15-10.12.07:399][  0]LogContentBrowser: Native class hierarchy updated for 'WidgetCarousel' in 0.0002 seconds. Added 0 classes and 0 folders.
[2019.06.15-10.12.07:419][  0]LogPakFile: Registered encryption key '00000000000000000000000000000000': 0 pak files mounted, 0 remain pending
[2019.06.15-10.12.07:422][  0]LogPakFile: Registered encryption key '00000000000000000000000000000000': 0 pak files mounted, 0 remain pending
[2019.06.15-10.12.07:425][  0]LogPakFile: Registered encryption key '00000000000000000000000000000000': 0 pak files mounted, 0 remain pending
[2019.06.15-10.12.07:428][  0]LogPakFile: Registered encryption key '00000000000000000000000000000000': 0 pak files mounted, 0 remain pending
[2019.06.15-10.12.07:431][  0]LogPakFile: Registered encryption key '00000000000000000000000000000000': 0 pak files mounted, 0 remain pending
[2019.06.15-10.12.07:434][  0]LogPakFile: Registered encryption key '00000000000000000000000000000000': 0 pak files mounted, 0 remain pending
[2019.06.15-10.12.07:436][  0]LogPakFile: Registered encryption key '00000000000000000000000000000000': 0 pak files mounted, 0 remain pending
[2019.06.15-10.12.07:439][  0]LogPakFile: Registered encryption key '00000000000000000000000000000000': 0 pak files mounted, 0 remain pending
[2019.06.15-10.12.07:442][  0]LogPakFile: Registered encryption key '00000000000000000000000000000000': 0 pak files mounted, 0 remain pending
[2019.06.15-10.12.07:445][  0]LogPakFile: Registered encryption key '00000000000000000000000000000000': 0 pak files mounted, 0 remain pending
[2019.06.15-10.12.07:448][  0]LogPakFile: Registered encryption key '00000000000000000000000000000000': 0 pak files mounted, 0 remain pending
[2019.06.15-10.12.07:450][  0]LogPakFile: Registered encryption key '00000000000000000000000000000000': 0 pak files mounted, 0 remain pending
[2019.06.15-10.12.07:453][  0]LogPakFile: Registered encryption key '00000000000000000000000000000000': 0 pak files mounted, 0 remain pending
[2019.06.15-10.12.07:456][  0]LogPakFile: Registered encryption key '00000000000000000000000000000000': 0 pak files mounted, 0 remain pending
[2019.06.15-10.12.07:458][  0]LogPakFile: Registered encryption key '00000000000000000000000000000000': 0 pak files mounted, 0 remain pending
[2019.06.15-10.12.07:460][  0]LogPakFile: Registered encryption key '00000000000000000000000000000000': 0 pak files mounted, 0 remain pending
[2019.06.15-10.12.07:463][  0]LogPakFile: Registered encryption key '00000000000000000000000000000000': 0 pak files mounted, 0 remain pending
[2019.06.15-10.12.07:466][  0]LogPakFile: Registered encryption key '00000000000000000000000000000000': 0 pak files mounted, 0 remain pending
[2019.06.15-10.12.07:468][  0]LogPakFile: Registered encryption key '00000000000000000000000000000000': 0 pak files mounted, 0 remain pending
[2019.06.15-10.12.07:470][  0]LogPakFile: Registered encryption key '00000000000000000000000000000000': 0 pak files mounted, 0 remain pending
[2019.06.15-10.12.07:473][  0]LogPakFile: Registered encryption key '00000000000000000000000000000000': 0 pak files mounted, 0 remain pending
[2019.06.15-10.12.07:476][  0]LogPakFile: Registered encryption key '00000000000000000000000000000000': 0 pak files mounted, 0 remain pending
[2019.06.15-10.12.07:479][  0]LogPakFile: Registered encryption key '00000000000000000000000000000000': 0 pak files mounted, 0 remain pending
[2019.06.15-10.12.07:482][  0]LogPakFile: Registered encryption key '00000000000000000000000000000000': 0 pak files mounted, 0 remain pending
[2019.06.15-10.12.07:486][  0]LogPakFile: Registered encryption key '00000000000000000000000000000000': 0 pak files mounted, 0 remain pending
[2019.06.15-10.12.07:489][  0]LogPakFile: Registered encryption key '00000000000000000000000000000000': 0 pak files mounted, 0 remain pending
[2019.06.15-10.12.07:740][  0]LogContentBrowser: Native class hierarchy updated for 'AddContentDialog' in 0.0002 seconds. Added 0 classes and 0 folders.
[2019.06.15-10.12.07:775][  0]LogContentBrowser: Native class hierarchy updated for 'SceneOutliner' in 0.0002 seconds. Added 1 classes and 2 folders.
[2019.06.15-10.12.07:794][  0]LogSlate: Took 0.000256 seconds to synchronously load lazily loaded font '../../../Engine/Content/Slate/Fonts/Roboto-Regular.ttf' (155K)
[2019.06.15-10.12.07:797][  0]LogSlate: Took 0.000214 seconds to synchronously load lazily loaded font '../../../Engine/Content/Slate/Fonts/Roboto-Bold.ttf' (160K)
[2019.06.15-10.12.07:809][  0]LogSlate: Took 0.003861 seconds to synchronously load lazily loaded font '../../../Engine/Content/Editor/Slate/Fonts/FontAwesome.ttf' (139K)
[2019.06.15-10.12.07:916][  0]LogRenderer: Reallocating scene render targets to support 1208x600 Format 10 NumSamples 1 (Frame:1).
[2019.06.15-10.12.08:145][  0]LogContentBrowser: Native class hierarchy updated for 'HierarchicalLODOutliner' in 0.0002 seconds. Added 0 classes and 0 folders.
[2019.06.15-10.12.08:145][  0]LogLoad: (Engine Initialization) Total time: 8.94 seconds
[2019.06.15-10.12.08:145][  0]LogLoad: (Engine Initialization) Total Blueprint compile time: 0.00 seconds
[2019.06.15-10.12.08:156][  0]LogWindowsTextInputMethodSystem: Display: IME system now deactivated.
[2019.06.15-10.12.08:210][  0]LogContentStreaming: Texture pool size now 1000 MB
[2019.06.15-10.12.08:232][  0]LogSlate: Took 0.000157 seconds to synchronously load lazily loaded font '../../../Engine/Content/Slate/Fonts/Roboto-Light.ttf' (167K)
[2019.06.15-10.12.09:242][112]LogAssetRegistry: Asset discovery search completed in 5.8021 seconds
[2019.06.15-10.12.09:244][112]LogCollectionManager: Rebuilt the object cache for 0 collections in 0.000001 seconds (found 0 objects)
[2019.06.15-10.12.09:244][112]LogCollectionManager: Fixed up redirectors for 0 collections in 0.000093 seconds (updated 0 objects)
[2019.06.15-10.12.10:998][319]LogSlate: FSceneViewport::OnFocusLost() reason 0
[2019.06.15-10.12.15:588][852]LogSlate: Took 0.000215 seconds to synchronously load lazily loaded font '../../../Engine/Content/Slate/Fonts/Roboto-Light.ttf' (167K)
[2019.06.15-10.12.15:712][852]LogLinker: Can't find file '/Game/InventorySystem/Item'
[2019.06.15-10.12.15:712][852]LogLinker: Can't find file '/Game/InventorySystem/Item'
[2019.06.15-10.12.16:435][852]LogMaterial: Display: Missing cached shader map for material M_SolidColor_Base, compiling. 
[2019.06.15-10.12.16:656][852]LogStaticMesh: Building static mesh TemplateFloor...
[2019.06.15-10.12.16:662][852]LogStaticMesh: Built static mesh [0.01s] /Game/Geometry/Meshes/TemplateFloor.TemplateFloor
[2019.06.15-10.12.16:730][852]LogStaticMesh: Building static mesh SM_CoasterStack...
[2019.06.15-10.12.16:834][852]LogStaticMesh: Built static mesh [0.10s] /Game/StarterBundle/ModularScifiProps/Meshes/SM_CoasterStack.SM_CoasterStack
[2019.06.15-10.12.16:845][852]LogAnimationCompression: Building Anim DDC data for AnimSequence /Game/Character/Animations/Hang_Idle.Hang_Idle
[2019.06.15-10.12.16:846][852]LogAnimationCompression: Recompressing (AnimSequence /Game/Character/Animations/Hang_Idle.Hang_Idle) using current/default (AnimCompress_BitwiseCompressOnly_1) bFirstRecompressUsingCurrentOrDefault(1) bTryAlternateCompressor(0) IsCompressedDataValid(0)
[2019.06.15-10.12.16:850][852]LogAnimationCompression: Building Anim DDC data for AnimSequence /Game/Character/Animations/MoveLeft.MoveLeft
[2019.06.15-10.12.16:850][852]LogAnimationCompression: Recompressing (AnimSequence /Game/Character/Animations/MoveLeft.MoveLeft) using current/default (AnimCompress_BitwiseCompressOnly_2) bFirstRecompressUsingCurrentOrDefault(1) bTryAlternateCompressor(0) IsCompressedDataValid(0)
[2019.06.15-10.12.16:852][852]LogAnimationCompression: Building Anim DDC data for AnimSequence /Game/Character/Animations/JumpRight.JumpRight
[2019.06.15-10.12.16:852][852]LogAnimationCompression: Recompressing (AnimSequence /Game/Character/Animations/JumpRight.JumpRight) using current/default (AnimCompress_BitwiseCompressOnly_1) bFirstRecompressUsingCurrentOrDefault(1) bTryAlternateCompressor(0) IsCompressedDataValid(0)
[2019.06.15-10.12.16:860][852]LogMaterial: Display: Missing cached shader map for material ely_vanguardsoldier_kerwinatienza_M, compiling. 
[2019.06.15-10.12.16:903][852]LogAnimationCompression: Building Anim DDC data for AnimSequence /Game/Personajes/Standard_Idle_Anim_mixamo_com.Standard_Idle_Anim_mixamo_com
[2019.06.15-10.12.16:903][852]LogAnimationCompression: Recompressing (AnimSequence /Game/Personajes/Standard_Idle_Anim_mixamo_com.Standard_Idle_Anim_mixamo_com) using current/default (AnimCompress_BitwiseCompressOnly_0) bFirstRecompressUsingCurrentOrDefault(1) bTryAlternateCompressor(0) IsCompressedDataValid(0)
[2019.06.15-10.12.16:909][852]LogAnimationCompression: Building Anim DDC data for AnimSequence /Game/AI/NPC/Attack_PrimaryA.Attack_PrimaryA
[2019.06.15-10.12.16:909][852]LogAnimationCompression: Recompressing (AnimSequence /Game/AI/NPC/Attack_PrimaryA.Attack_PrimaryA) using current/default (AnimCompress_BitwiseCompressOnly_0) bFirstRecompressUsingCurrentOrDefault(1) bTryAlternateCompressor(0) IsCompressedDataValid(0)
[2019.06.15-10.12.16:972][852]LogAnimationCompression: Building Anim DDC data for AnimSequence /Game/Character/Animations/ThirdPerson_Jump.ThirdPerson_Jump
[2019.06.15-10.12.16:973][852]LogAnimationCompression: Recompressing (AnimSequence /Game/Character/Animations/ThirdPerson_Jump.ThirdPerson_Jump) using current/default (AnimCompress_RemoveLinearKeys_5) bFirstRecompressUsingCurrentOrDefault(1) bTryAlternateCompressor(0) IsCompressedDataValid(0)
[2019.06.15-10.12.16:981][852]LogAnimationCompression: Building Anim DDC data for AnimSequence /Game/Character/Animations/MoveRight.MoveRight
[2019.06.15-10.12.16:982][852]LogAnimationCompression: Recompressing (AnimSequence /Game/Character/Animations/MoveRight.MoveRight) using current/default (AnimCompress_BitwiseCompressOnly_3) bFirstRecompressUsingCurrentOrDefault(1) bTryAlternateCompressor(0) IsCompressedDataValid(0)
[2019.06.15-10.12.16:983][852]LogAnimationCompression: Building Anim DDC data for AnimSequence /Game/Character/Animations/ThirdPersonJump_Loop.ThirdPersonJump_Loop
[2019.06.15-10.12.16:983][852]LogAnimationCompression: Recompressing (AnimSequence /Game/Character/Animations/ThirdPersonJump_Loop.ThirdPersonJump_Loop) using current/default (AnimCompress_RemoveLinearKeys_6) bFirstRecompressUsingCurrentOrDefault(1) bTryAlternateCompressor(0) IsCompressedDataValid(0)
[2019.06.15-10.12.16:997][852]LogAnimationCompression: Building Anim DDC data for AnimSequence /Game/Character/Animations/Climb.Climb
[2019.06.15-10.12.16:997][852]LogAnimationCompression: Recompressing (AnimSequence /Game/Character/Animations/Climb.Climb) using current/default (AnimCompress_BitwiseCompressOnly_4) bFirstRecompressUsingCurrentOrDefault(1) bTryAlternateCompressor(0) IsCompressedDataValid(0)
[2019.06.15-10.12.17:002][852]LogAnimationCompression: Building Anim DDC data for AnimSequence /Game/Character/Animations/ThirdPersonWalk.ThirdPersonWalk
[2019.06.15-10.12.17:002][852]LogAnimationCompression: Recompressing (AnimSequence /Game/Character/Animations/ThirdPersonWalk.ThirdPersonWalk) using current/default (AnimCompress_RemoveLinearKeys_2) bFirstRecompressUsingCurrentOrDefault(1) bTryAlternateCompressor(0) IsCompressedDataValid(0)
[2019.06.15-10.12.17:029][852]LogAnimationCompression: Building Anim DDC data for AnimSequence /Game/Character/Animations/ThirdPersonIdle.ThirdPersonIdle
[2019.06.15-10.12.17:029][852]LogAnimationCompression: Recompressing (AnimSequence /Game/Character/Animations/ThirdPersonIdle.ThirdPersonIdle) using current/default (AnimCompress_RemoveLinearKeys_1) bFirstRecompressUsingCurrentOrDefault(1) bTryAlternateCompressor(0) IsCompressedDataValid(0)
[2019.06.15-10.12.17:088][852]LogAnimationCompression: Building Anim DDC data for AnimSequence /Game/Character/Animations/ThirdPersonRun.ThirdPersonRun
[2019.06.15-10.12.17:088][852]LogAnimationCompression: Recompressing (AnimSequence /Game/Character/Animations/ThirdPersonRun.ThirdPersonRun) using current/default (AnimCompress_RemoveLinearKeys_3) bFirstRecompressUsingCurrentOrDefault(1) bTryAlternateCompressor(0) IsCompressedDataValid(0)
[2019.06.15-10.12.17:104][852]LogAnimationCompression: Building Anim DDC data for AnimSequence /Game/Character/Animations/ThirdPersonJump_Start.ThirdPersonJump_Start
[2019.06.15-10.12.17:104][852]LogAnimationCompression: Recompressing (AnimSequence /Game/Character/Animations/ThirdPersonJump_Start.ThirdPersonJump_Start) using current/default (AnimCompress_RemoveLinearKeys_4) bFirstRecompressUsingCurrentOrDefault(1) bTryAlternateCompressor(0) IsCompressedDataValid(0)
[2019.06.15-10.12.17:117][852]LogAnimationCompression: Building Anim DDC data for AnimSequence /Game/Character/Animations/MOB1_CrouchWalk_F.MOB1_CrouchWalk_F
[2019.06.15-10.12.17:117][852]LogAnimationCompression: Recompressing (AnimSequence /Game/Character/Animations/MOB1_CrouchWalk_F.MOB1_CrouchWalk_F) using current/default (AnimCompress_BitwiseCompressOnly_7) bFirstRecompressUsingCurrentOrDefault(1) bTryAlternateCompressor(0) IsCompressedDataValid(0)
[2019.06.15-10.12.17:119][852]LogAnimationCompression: Building Anim DDC data for AnimSequence /Game/Character/Animations/Crouch_Idle.Crouch_Idle
[2019.06.15-10.12.17:119][852]LogAnimationCompression: Recompressing (AnimSequence /Game/Character/Animations/Crouch_Idle.Crouch_Idle) using current/default (AnimCompress_BitwiseCompressOnly_6) bFirstRecompressUsingCurrentOrDefault(1) bTryAlternateCompressor(0) IsCompressedDataValid(0)
[2019.06.15-10.12.17:123][852]LogAnimationCompression: Building Anim DDC data for AnimSequence /Game/Character/Animations/JumpLeft.JumpLeft
[2019.06.15-10.12.17:123][852]LogAnimationCompression: Recompressing (AnimSequence /Game/Character/Animations/JumpLeft.JumpLeft) using current/default (AnimCompress_BitwiseCompressOnly_0) bFirstRecompressUsingCurrentOrDefault(1) bTryAlternateCompressor(0) IsCompressedDataValid(0)
[2019.06.15-10.12.17:127][852]LogAnimationCompression: Building Anim DDC data for AnimSequence /Game/Character/Animations/Crouch_to_Stand.Crouch_to_Stand
[2019.06.15-10.12.17:127][852]LogAnimationCompression: Recompressing (AnimSequence /Game/Character/Animations/Crouch_to_Stand.Crouch_to_Stand) using current/default (AnimCompress_BitwiseCompressOnly_5) bFirstRecompressUsingCurrentOrDefault(1) bTryAlternateCompressor(0) IsCompressedDataValid(0)
[2019.06.15-10.12.17:135][852]LogAIModule: Creating AISystem for world Prueabas
[2019.06.15-10.12.17:180][852]LogAssetEditorManager: Opening Asset editor for World /Game/ThirdPersonBP/Maps/Prueabas.Prueabas
[2019.06.15-10.12.17:240][852]LogUObjectHash: Compacting FUObjectHashTables data took   6.18ms
[2019.06.15-10.12.17:243][852]Cmd: MAP LOAD FILE="../../../../../../Users/juani/Desktop/Uni/Unreal/Elven-Games/ElvenGames/Content/ThirdPersonBP/Maps/Prueabas.umap" TEMPLATE=0 SHOWPROGRESS=1 FEATURELEVEL=3
[2019.06.15-10.12.17:243][852]LightingResults: New page: Lighting Build
[2019.06.15-10.12.17:248][852]LogContentBrowser: Native class hierarchy updated for 'StatsViewer' in 0.0003 seconds. Added 5 classes and 0 folders.
[2019.06.15-10.12.17:249][852]LoadErrors: New page: Loading map: Prueabas.umap
[2019.06.15-10.12.17:250][852]MapCheck: New page: Map Check
[2019.06.15-10.12.17:250][852]LightingResults: New page: Lighting Build
[2019.06.15-10.12.17:278][852]LogUObjectHash: Compacting FUObjectHashTables data took   3.69ms
[2019.06.15-10.12.17:311][852]LogShaderCompilers: Display: Shaders left to compile 60
[2019.06.15-10.12.17:311][852]LogEditorServer: Finished looking for orphan Actors (0.000 secs)
[2019.06.15-10.12.17:340][852]LogUObjectHash: Compacting FUObjectHashTables data took   1.70ms
[2019.06.15-10.12.17:360][852]Cmd: MAP CHECKDEP NOCLEARLOG
[2019.06.15-10.12.17:361][852]MapCheck: Map check complete: 0 Error(s), 0 Warning(s), took 0.182ms to complete.
[2019.06.15-10.12.17:361][852]LogFileHelpers: Loading map 'Prueabas' took 0.120
[2019.06.15-10.12.19:725][  2]LogTemp: Repeating last play command: Selected Viewport
[2019.06.15-10.12.19:740][  2]LogBlueprintUserMessages: Early PlayInEditor Detection: Level '/Game/ThirdPersonBP/Maps/Prueabas.Prueabas:PersistentLevel' has LevelScriptBlueprint '/Game/ThirdPersonBP/Maps/Prueabas.Prueabas:PersistentLevel.Prueabas' with GeneratedClass '/Game/ThirdPersonBP/Maps/Prueabas.Prueabas_C' with ClassGeneratedBy '/Game/ThirdPersonBP/Maps/Prueabas.Prueabas:PersistentLevel.Prueabas'
[2019.06.15-10.12.19:741][  2]LogPlayLevel: PlayLevel: No blueprints needed recompiling
[2019.06.15-10.12.19:741][  2]PIE: New page: PIE session: Prueabas (Jun 15, 2019, 2:12:19 PM)
[2019.06.15-10.12.19:758][  2]LogPlayLevel: Creating play world package: /Game/ThirdPersonBP/Maps/UEDPIE_0_Prueabas
[2019.06.15-10.12.19:790][  2]LogPlayLevel: PIE: StaticDuplicateObject took: (0.031207s)
[2019.06.15-10.12.19:791][  2]LogAIModule: Creating AISystem for world Prueabas
[2019.06.15-10.12.19:791][  2]LogPlayLevel: PIE: World Init took: (0.001413s)
[2019.06.15-10.12.19:791][  2]LogPlayLevel: PIE: Created PIE world by copying editor world from /Game/ThirdPersonBP/Maps/Prueabas.Prueabas to /Game/ThirdPersonBP/Maps/UEDPIE_0_Prueabas.Prueabas (0.033100s)
[2019.06.15-10.12.19:820][  2]LogUObjectHash: Compacting FUObjectHashTables data took   1.18ms
[2019.06.15-10.12.19:835][  2]LogInit: XAudio2 using 'Altavoces +SSE3 (Realtek High Definition Audio)' : 2 channels at 48 kHz using 32 bits per sample (channel mask 0x3)
[2019.06.15-10.12.19:879][  2]LogInit: FAudioDevice initialized.
[2019.06.15-10.12.19:929][  2]LogLoad: Game class is 'ThirdPersonGameMode_C'
[2019.06.15-10.12.19:937][  2]LogWorld: Bringing World /Game/ThirdPersonBP/Maps/UEDPIE_0_Prueabas.Prueabas up for play (max tick rate 0) at 2019.06.15-12.12.19
[2019.06.15-10.12.19:949][  2]LogWorld: Bringing up level for play took: 0.016918
[2019.06.15-10.12.19:974][  2]LogShaderCompilers: Display: Shaders left to compile 50
[2019.06.15-10.12.19:974][  2]LogContentBrowser: Native class hierarchy updated for 'MovieSceneCapture' in 0.0007 seconds. Added 20 classes and 0 folders.
[2019.06.15-10.12.19:981][  2]PIE: Play in editor start time for /Game/ThirdPersonBP/Maps/UEDPIE_0_Prueabas 0.842
[2019.06.15-10.12.19:981][  2]LogBlueprintUserMessages: Late PlayInEditor Detection: Level '/Game/ThirdPersonBP/Maps/Prueabas.Prueabas:PersistentLevel' has LevelScriptBlueprint '/Game/ThirdPersonBP/Maps/Prueabas.Prueabas:PersistentLevel.Prueabas' with GeneratedClass '/Game/ThirdPersonBP/Maps/Prueabas.Prueabas_C' with ClassGeneratedBy '/Game/ThirdPersonBP/Maps/Prueabas.Prueabas:PersistentLevel.Prueabas'
[2019.06.15-10.12.20:345][ 21]LogShaderCompilers: Display: Shaders left to compile 40
[2019.06.15-10.12.22:964][208]LogShaderCompilers: Display: Shaders left to compile 30
[2019.06.15-10.12.24:021][287]LogShaderCompilers: Display: Shaders left to compile 20
[2019.06.15-10.12.24:580][328]LogShaderCompilers: Display: Shaders left to compile 10
[2019.06.15-10.12.33:943][295]LogBlueprintUserMessages: Early EndPlayMap Detection: Level '/Game/ThirdPersonBP/Maps/Prueabas.Prueabas:PersistentLevel' has LevelScriptBlueprint '/Game/ThirdPersonBP/Maps/Prueabas.Prueabas:PersistentLevel.Prueabas' with GeneratedClass '/Game/ThirdPersonBP/Maps/Prueabas.Prueabas_C' with ClassGeneratedBy '/Game/ThirdPersonBP/Maps/Prueabas.Prueabas:PersistentLevel.Prueabas'
[2019.06.15-10.12.33:944][295]LogSlate: Updating window title bar state: overlay mode, drag disabled, window buttons hidden, title bar hidden
[2019.06.15-10.12.33:976][295]LogPlayLevel: Display: Shutting down PIE online subsystems
[2019.06.15-10.12.33:977][295]LogBlueprintUserMessages: Late EndPlayMap Detection: Level '/Game/ThirdPersonBP/Maps/Prueabas.Prueabas:PersistentLevel' has LevelScriptBlueprint '/Game/ThirdPersonBP/Maps/Prueabas.Prueabas:PersistentLevel.Prueabas' with GeneratedClass '/Game/ThirdPersonBP/Maps/Prueabas.Prueabas_C' with ClassGeneratedBy '/Game/ThirdPersonBP/Maps/Prueabas.Prueabas:PersistentLevel.Prueabas'
[2019.06.15-10.12.33:998][295]LogSlate: Updating window title bar state: overlay mode, drag disabled, window buttons hidden, title bar hidden
[2019.06.15-10.12.34:001][295]LogUObjectHash: Compacting FUObjectHashTables data took   1.14ms
[2019.06.15-10.12.34:046][299]LogPlayLevel: Display: Destroying online subsystem :Context_1
[2019.06.15-10.12.34:705][374]LogSlate: FSceneViewport::OnFocusLost() reason 0
